<?xml version="1.0" encoding="UTF-8"?>
<testng-results skipped="0" failed="1" ignored="0" total="13" passed="12">
  <reporter-output>
  </reporter-output>
  <suite name="Free CRM Application Test Automation Test Suite" duration-ms="241731" started-at="2017-12-03T10:01:32Z" finished-at="2017-12-03T10:05:34Z">
    <groups>
    </groups>
    <test name="Test" duration-ms="241731" started-at="2017-12-03T10:01:32Z" finished-at="2017-12-03T10:05:34Z">
      <class name="com.crm.qa.testcases.HomePageTest">
        <test-method status="PASS" signature="setUp()[pri:0, instance:com.crm.qa.testcases.HomePageTest@1e88b3c]" name="setUp" is-config="true" duration-ms="11150" started-at="2017-12-03T04:02:04Z" finished-at="2017-12-03T04:02:15Z">
          <reporter-output>
          </reporter-output>
        </test-method> <!-- setUp -->
        <test-method status="PASS" signature="verifyHomepageTitleTest()[pri:1, instance:com.crm.qa.testcases.HomePageTest@1e88b3c]" name="verifyHomepageTitleTest" duration-ms="75" started-at="2017-12-03T04:02:15Z" finished-at="2017-12-03T04:02:16Z">
          <reporter-output>
          </reporter-output>
        </test-method> <!-- verifyHomepageTitleTest -->
        <test-method status="PASS" signature="tearDown()[pri:0, instance:com.crm.qa.testcases.HomePageTest@1e88b3c]" name="tearDown" is-config="true" duration-ms="1288" started-at="2017-12-03T04:02:16Z" finished-at="2017-12-03T04:02:17Z">
          <reporter-output>
          </reporter-output>
        </test-method> <!-- tearDown -->
        <test-method status="PASS" signature="setUp()[pri:0, instance:com.crm.qa.testcases.HomePageTest@1e88b3c]" name="setUp" is-config="true" duration-ms="11584" started-at="2017-12-03T04:02:44Z" finished-at="2017-12-03T04:02:55Z">
          <reporter-output>
          </reporter-output>
        </test-method> <!-- setUp -->
        <test-method status="PASS" signature="verifyUserNameTest()[pri:2, instance:com.crm.qa.testcases.HomePageTest@1e88b3c]" name="verifyUserNameTest" duration-ms="1182" started-at="2017-12-03T04:02:55Z" finished-at="2017-12-03T04:02:57Z">
          <reporter-output>
          </reporter-output>
        </test-method> <!-- verifyUserNameTest -->
        <test-method status="PASS" signature="tearDown()[pri:0, instance:com.crm.qa.testcases.HomePageTest@1e88b3c]" name="tearDown" is-config="true" duration-ms="1255" started-at="2017-12-03T04:02:57Z" finished-at="2017-12-03T04:02:58Z">
          <reporter-output>
          </reporter-output>
        </test-method> <!-- tearDown -->
        <test-method status="PASS" signature="setUp()[pri:0, instance:com.crm.qa.testcases.HomePageTest@1e88b3c]" name="setUp" is-config="true" duration-ms="10815" started-at="2017-12-03T04:03:42Z" finished-at="2017-12-03T04:03:53Z">
          <reporter-output>
          </reporter-output>
        </test-method> <!-- setUp -->
        <test-method status="PASS" signature="verifyContactsLinkTest()[pri:3, instance:com.crm.qa.testcases.HomePageTest@1e88b3c]" name="verifyContactsLinkTest" duration-ms="2906" started-at="2017-12-03T04:03:53Z" finished-at="2017-12-03T04:03:56Z">
          <reporter-output>
          </reporter-output>
        </test-method> <!-- verifyContactsLinkTest -->
        <test-method status="PASS" signature="tearDown()[pri:0, instance:com.crm.qa.testcases.HomePageTest@1e88b3c]" name="tearDown" is-config="true" duration-ms="1479" started-at="2017-12-03T04:03:56Z" finished-at="2017-12-03T04:03:57Z">
          <reporter-output>
          </reporter-output>
        </test-method> <!-- tearDown -->
      </class> <!-- com.crm.qa.testcases.HomePageTest -->
      <class name="com.crm.qa.testcases.ContactsPageTest">
        <test-method status="PASS" signature="setUp()[pri:0, instance:com.crm.qa.testcases.ContactsPageTest@77caeb3e]" name="setUp" is-config="true" duration-ms="14078" started-at="2017-12-03T04:01:49Z" finished-at="2017-12-03T04:02:03Z">
          <reporter-output>
          </reporter-output>
        </test-method> <!-- setUp -->
        <test-method status="PASS" signature="verifyContactsPageLable()[pri:1, instance:com.crm.qa.testcases.ContactsPageTest@77caeb3e]" name="verifyContactsPageLable" duration-ms="186" started-at="2017-12-03T04:02:03Z" finished-at="2017-12-03T04:02:03Z">
          <reporter-output>
          </reporter-output>
        </test-method> <!-- verifyContactsPageLable -->
        <test-method status="PASS" signature="tearDown()[pri:0, instance:com.crm.qa.testcases.ContactsPageTest@77caeb3e]" name="tearDown" is-config="true" duration-ms="1323" started-at="2017-12-03T04:02:03Z" finished-at="2017-12-03T04:02:04Z">
          <reporter-output>
          </reporter-output>
        </test-method> <!-- tearDown -->
        <test-method status="PASS" signature="setUp()[pri:0, instance:com.crm.qa.testcases.ContactsPageTest@77caeb3e]" name="setUp" is-config="true" duration-ms="15865" started-at="2017-12-03T04:02:25Z" finished-at="2017-12-03T04:02:41Z">
          <reporter-output>
          </reporter-output>
        </test-method> <!-- setUp -->
        <test-method status="PASS" signature="selectSingleContactsTest()[pri:2, instance:com.crm.qa.testcases.ContactsPageTest@77caeb3e]" name="selectSingleContactsTest" duration-ms="1942" started-at="2017-12-03T04:02:41Z" finished-at="2017-12-03T04:02:42Z">
          <reporter-output>
          </reporter-output>
        </test-method> <!-- selectSingleContactsTest -->
        <test-method status="PASS" signature="tearDown()[pri:0, instance:com.crm.qa.testcases.ContactsPageTest@77caeb3e]" name="tearDown" is-config="true" duration-ms="1291" started-at="2017-12-03T04:02:42Z" finished-at="2017-12-03T04:02:44Z">
          <reporter-output>
          </reporter-output>
        </test-method> <!-- tearDown -->
        <test-method status="PASS" signature="setUp()[pri:0, instance:com.crm.qa.testcases.ContactsPageTest@77caeb3e]" name="setUp" is-config="true" duration-ms="14444" started-at="2017-12-03T04:03:13Z" finished-at="2017-12-03T04:03:28Z">
          <reporter-output>
          </reporter-output>
        </test-method> <!-- setUp -->
        <test-method status="FAIL" signature="selectMultipleContactsTest()[pri:3, instance:com.crm.qa.testcases.ContactsPageTest@77caeb3e]" name="selectMultipleContactsTest" duration-ms="12586" started-at="2017-12-03T04:03:28Z" finished-at="2017-12-03T04:03:40Z">
          <exception class="org.openqa.selenium.NoSuchElementException">
            <message>
              <![CDATA[no such element: Unable to locate element: {"method":"xpath","selector":"//a[text()='john due']//parent::td[@class='datalistrow']//preceding-sibling::td[@class='datalistrow']//input[@name='contact_id']"}
  (Session info: chrome=62.0.3202.94)
  (Driver info: chromedriver=2.33.506120 (e3e53437346286c0bc2d2dc9aa4915ba81d9023f),platform=Windows NT 10.0.15063 x86_64) (WARNING: The server did not provide any stacktrace information)
Command duration or timeout: 0 milliseconds
For documentation on this error, please visit: http://seleniumhq.org/exceptions/no_such_element.html
Build info: version: '3.7.1', revision: '8a0099a', time: '2017-11-06T21:01:39.354Z'
System info: host: 'KALPS', ip: '192.168.59.1', os.name: 'Windows 10', os.arch: 'amd64', os.version: '10.0', java.version: '1.8.0_144'
Driver info: org.openqa.selenium.chrome.ChromeDriver
Capabilities {acceptSslCerts: true, applicationCacheEnabled: false, browserConnectionEnabled: false, browserName: chrome, chrome: {chromedriverVersion: 2.33.506120 (e3e53437346286..., userDataDir: C:\Users\kalpa\AppData\Loca...}, cssSelectorsEnabled: true, databaseEnabled: false, handlesAlerts: true, hasTouchScreen: false, javascriptEnabled: true, locationContextEnabled: true, mobileEmulationEnabled: false, nativeEvents: true, networkConnectionEnabled: false, pageLoadStrategy: normal, platform: XP, platformName: XP, rotatable: false, setWindowRect: true, takesHeapSnapshot: true, takesScreenshot: true, unexpectedAlertBehaviour: , unhandledPromptBehavior: , version: 62.0.3202.94, webStorageEnabled: true}
Session ID: 0c0d78f2871df3fe06081cfef61c0508
*** Element info: {Using=xpath, value=//a[text()='john due']//parent::td[@class='datalistrow']//preceding-sibling::td[@class='datalistrow']//input[@name='contact_id']}]]>
            </message>
            <full-stacktrace>
              <![CDATA[org.openqa.selenium.NoSuchElementException: no such element: Unable to locate element: {"method":"xpath","selector":"//a[text()='john due']//parent::td[@class='datalistrow']//preceding-sibling::td[@class='datalistrow']//input[@name='contact_id']"}
  (Session info: chrome=62.0.3202.94)
  (Driver info: chromedriver=2.33.506120 (e3e53437346286c0bc2d2dc9aa4915ba81d9023f),platform=Windows NT 10.0.15063 x86_64) (WARNING: The server did not provide any stacktrace information)
Command duration or timeout: 0 milliseconds
For documentation on this error, please visit: http://seleniumhq.org/exceptions/no_such_element.html
Build info: version: '3.7.1', revision: '8a0099a', time: '2017-11-06T21:01:39.354Z'
System info: host: 'KALPS', ip: '192.168.59.1', os.name: 'Windows 10', os.arch: 'amd64', os.version: '10.0', java.version: '1.8.0_144'
Driver info: org.openqa.selenium.chrome.ChromeDriver
Capabilities {acceptSslCerts: true, applicationCacheEnabled: false, browserConnectionEnabled: false, browserName: chrome, chrome: {chromedriverVersion: 2.33.506120 (e3e53437346286..., userDataDir: C:\Users\kalpa\AppData\Loca...}, cssSelectorsEnabled: true, databaseEnabled: false, handlesAlerts: true, hasTouchScreen: false, javascriptEnabled: true, locationContextEnabled: true, mobileEmulationEnabled: false, nativeEvents: true, networkConnectionEnabled: false, pageLoadStrategy: normal, platform: XP, platformName: XP, rotatable: false, setWindowRect: true, takesHeapSnapshot: true, takesScreenshot: true, unexpectedAlertBehaviour: , unhandledPromptBehavior: , version: 62.0.3202.94, webStorageEnabled: true}
Session ID: 0c0d78f2871df3fe06081cfef61c0508
*** Element info: {Using=xpath, value=//a[text()='john due']//parent::td[@class='datalistrow']//preceding-sibling::td[@class='datalistrow']//input[@name='contact_id']}
	at sun.reflect.NativeConstructorAccessorImpl.newInstance0(Native Method)
	at sun.reflect.NativeConstructorAccessorImpl.newInstance(Unknown Source)
	at sun.reflect.DelegatingConstructorAccessorImpl.newInstance(Unknown Source)
	at java.lang.reflect.Constructor.newInstance(Unknown Source)
	at org.openqa.selenium.remote.ErrorHandler.createThrowable(ErrorHandler.java:214)
	at org.openqa.selenium.remote.ErrorHandler.throwIfResponseFailed(ErrorHandler.java:166)
	at org.openqa.selenium.remote.http.JsonHttpResponseCodec.reconstructValue(JsonHttpResponseCodec.java:40)
	at org.openqa.selenium.remote.http.AbstractHttpResponseCodec.decode(AbstractHttpResponseCodec.java:80)
	at org.openqa.selenium.remote.http.AbstractHttpResponseCodec.decode(AbstractHttpResponseCodec.java:44)
	at org.openqa.selenium.remote.HttpCommandExecutor.execute(HttpCommandExecutor.java:164)
	at org.openqa.selenium.remote.service.DriverCommandExecutor.execute(DriverCommandExecutor.java:83)
	at org.openqa.selenium.remote.RemoteWebDriver.execute(RemoteWebDriver.java:600)
	at org.openqa.selenium.remote.RemoteWebDriver.findElement(RemoteWebDriver.java:370)
	at org.openqa.selenium.remote.RemoteWebDriver.findElementByXPath(RemoteWebDriver.java:472)
	at org.openqa.selenium.By$ByXPath.findElement(By.java:361)
	at org.openqa.selenium.remote.RemoteWebDriver.findElement(RemoteWebDriver.java:362)
	at sun.reflect.GeneratedMethodAccessor3.invoke(Unknown Source)
	at sun.reflect.DelegatingMethodAccessorImpl.invoke(Unknown Source)
	at java.lang.reflect.Method.invoke(Unknown Source)
	at org.openqa.selenium.support.events.EventFiringWebDriver$2.invoke(EventFiringWebDriver.java:109)
	at com.sun.proxy.$Proxy8.findElement(Unknown Source)
	at org.openqa.selenium.support.events.EventFiringWebDriver.findElement(EventFiringWebDriver.java:193)
	at com.crm.qa.pages.ContactsPage.selectContactsByName(ContactsPage.java:44)
	at com.crm.qa.testcases.ContactsPageTest.selectMultipleContactsTest(ContactsPageTest.java:68)
	at sun.reflect.NativeMethodAccessorImpl.invoke0(Native Method)
	at sun.reflect.NativeMethodAccessorImpl.invoke(Unknown Source)
	at sun.reflect.DelegatingMethodAccessorImpl.invoke(Unknown Source)
	at java.lang.reflect.Method.invoke(Unknown Source)
	at org.testng.internal.MethodInvocationHelper.invokeMethod(MethodInvocationHelper.java:108)
	at org.testng.internal.Invoker.invokeMethod(Invoker.java:661)
	at org.testng.internal.Invoker.invokeTestMethod(Invoker.java:869)
	at org.testng.internal.Invoker.invokeTestMethods(Invoker.java:1193)
	at org.testng.internal.TestMethodWorker.invokeTestMethods(TestMethodWorker.java:126)
	at org.testng.internal.TestMethodWorker.run(TestMethodWorker.java:109)
	at org.testng.TestRunner.privateRun(TestRunner.java:744)
	at org.testng.TestRunner.run(TestRunner.java:602)
	at org.testng.SuiteRunner.runTest(SuiteRunner.java:380)
	at org.testng.SuiteRunner.runSequentially(SuiteRunner.java:375)
	at org.testng.SuiteRunner.privateRun(SuiteRunner.java:340)
	at org.testng.SuiteRunner.run(SuiteRunner.java:289)
	at org.testng.SuiteRunnerWorker.runSuite(SuiteRunnerWorker.java:52)
	at org.testng.SuiteRunnerWorker.run(SuiteRunnerWorker.java:86)
	at org.testng.TestNG.runSuitesSequentially(TestNG.java:1301)
	at org.testng.TestNG.runSuitesLocally(TestNG.java:1226)
	at org.testng.TestNG.runSuites(TestNG.java:1144)
	at org.testng.TestNG.run(TestNG.java:1115)
	at org.testng.remote.AbstractRemoteTestNG.run(AbstractRemoteTestNG.java:114)
	at org.testng.remote.RemoteTestNG.initAndRun(RemoteTestNG.java:251)
	at org.testng.remote.RemoteTestNG.main(RemoteTestNG.java:77)
]]>
            </full-stacktrace>
          </exception> <!-- org.openqa.selenium.NoSuchElementException -->
          <reporter-output>
          </reporter-output>
        </test-method> <!-- selectMultipleContactsTest -->
        <test-method status="PASS" signature="tearDown()[pri:0, instance:com.crm.qa.testcases.ContactsPageTest@77caeb3e]" name="tearDown" is-config="true" duration-ms="1550" started-at="2017-12-03T04:03:40Z" finished-at="2017-12-03T04:03:42Z">
          <reporter-output>
          </reporter-output>
        </test-method> <!-- tearDown -->
        <test-method status="PASS" signature="setUp()[pri:0, instance:com.crm.qa.testcases.ContactsPageTest@77caeb3e]" name="setUp" is-config="true" duration-ms="15623" started-at="2017-12-03T04:03:59Z" finished-at="2017-12-03T04:04:15Z">
          <reporter-output>
          </reporter-output>
        </test-method> <!-- setUp -->
        <test-method status="PASS" signature="validateCreateNewContact(java.lang.String, java.lang.String, java.lang.String, java.lang.String)[pri:4, instance:com.crm.qa.testcases.ContactsPageTest@77caeb3e]" name="validateCreateNewContact" duration-ms="7559" started-at="2017-12-03T04:04:15Z" data-provider="getData" finished-at="2017-12-03T04:04:22Z">
          <params>
            <param index="0">
              <value>
                <![CDATA[Mrs.]]>
              </value>
            </param>
            <param index="1">
              <value>
                <![CDATA[Alison]]>
              </value>
            </param>
            <param index="2">
              <value>
                <![CDATA[Martha]]>
              </value>
            </param>
            <param index="3">
              <value>
                <![CDATA[Amazon]]>
              </value>
            </param>
          </params>
          <reporter-output>
          </reporter-output>
        </test-method> <!-- validateCreateNewContact -->
        <test-method status="PASS" signature="tearDown()[pri:0, instance:com.crm.qa.testcases.ContactsPageTest@77caeb3e]" name="tearDown" is-config="true" duration-ms="1327" started-at="2017-12-03T04:04:22Z" finished-at="2017-12-03T04:04:24Z">
          <reporter-output>
          </reporter-output>
        </test-method> <!-- tearDown -->
        <test-method status="PASS" signature="setUp()[pri:0, instance:com.crm.qa.testcases.ContactsPageTest@77caeb3e]" name="setUp" is-config="true" duration-ms="14399" started-at="2017-12-03T04:04:24Z" finished-at="2017-12-03T04:04:38Z">
          <reporter-output>
          </reporter-output>
        </test-method> <!-- setUp -->
        <test-method status="PASS" signature="validateCreateNewContact(java.lang.String, java.lang.String, java.lang.String, java.lang.String)[pri:4, instance:com.crm.qa.testcases.ContactsPageTest@77caeb3e]" name="validateCreateNewContact" duration-ms="8309" started-at="2017-12-03T04:04:38Z" data-provider="getData" finished-at="2017-12-03T04:04:46Z">
          <params>
            <param index="0">
              <value>
                <![CDATA[Mr.]]>
              </value>
            </param>
            <param index="1">
              <value>
                <![CDATA[David]]>
              </value>
            </param>
            <param index="2">
              <value>
                <![CDATA[Burton]]>
              </value>
            </param>
            <param index="3">
              <value>
                <![CDATA[AAA]]>
              </value>
            </param>
          </params>
          <reporter-output>
          </reporter-output>
        </test-method> <!-- validateCreateNewContact -->
        <test-method status="PASS" signature="tearDown()[pri:0, instance:com.crm.qa.testcases.ContactsPageTest@77caeb3e]" name="tearDown" is-config="true" duration-ms="1316" started-at="2017-12-03T04:04:46Z" finished-at="2017-12-03T04:04:48Z">
          <reporter-output>
          </reporter-output>
        </test-method> <!-- tearDown -->
        <test-method status="PASS" signature="setUp()[pri:0, instance:com.crm.qa.testcases.ContactsPageTest@77caeb3e]" name="setUp" is-config="true" duration-ms="13374" started-at="2017-12-03T04:04:48Z" finished-at="2017-12-03T04:05:01Z">
          <reporter-output>
          </reporter-output>
        </test-method> <!-- setUp -->
        <test-method status="PASS" signature="validateCreateNewContact(java.lang.String, java.lang.String, java.lang.String, java.lang.String)[pri:4, instance:com.crm.qa.testcases.ContactsPageTest@77caeb3e]" name="validateCreateNewContact" duration-ms="7903" started-at="2017-12-03T04:05:01Z" data-provider="getData" finished-at="2017-12-03T04:05:09Z">
          <params>
            <param index="0">
              <value>
                <![CDATA[Dr.]]>
              </value>
            </param>
            <param index="1">
              <value>
                <![CDATA[Akash]]>
              </value>
            </param>
            <param index="2">
              <value>
                <![CDATA[Rathor]]>
              </value>
            </param>
            <param index="3">
              <value>
                <![CDATA[Integris]]>
              </value>
            </param>
          </params>
          <reporter-output>
          </reporter-output>
        </test-method> <!-- validateCreateNewContact -->
        <test-method status="PASS" signature="tearDown()[pri:0, instance:com.crm.qa.testcases.ContactsPageTest@77caeb3e]" name="tearDown" is-config="true" duration-ms="1367" started-at="2017-12-03T04:05:09Z" finished-at="2017-12-03T04:05:10Z">
          <reporter-output>
          </reporter-output>
        </test-method> <!-- tearDown -->
        <test-method status="PASS" signature="setUp()[pri:0, instance:com.crm.qa.testcases.ContactsPageTest@77caeb3e]" name="setUp" is-config="true" duration-ms="13878" started-at="2017-12-03T04:05:10Z" finished-at="2017-12-03T04:05:24Z">
          <reporter-output>
          </reporter-output>
        </test-method> <!-- setUp -->
        <test-method status="PASS" signature="validateCreateNewContact(java.lang.String, java.lang.String, java.lang.String, java.lang.String)[pri:4, instance:com.crm.qa.testcases.ContactsPageTest@77caeb3e]" name="validateCreateNewContact" duration-ms="8266" started-at="2017-12-03T04:05:24Z" data-provider="getData" finished-at="2017-12-03T04:05:32Z">
          <params>
            <param index="0">
              <value>
                <![CDATA[Ms.]]>
              </value>
            </param>
            <param index="1">
              <value>
                <![CDATA[Leena ]]>
              </value>
            </param>
            <param index="2">
              <value>
                <![CDATA[Mathur]]>
              </value>
            </param>
            <param index="3">
              <value>
                <![CDATA[Infi]]>
              </value>
            </param>
          </params>
          <reporter-output>
          </reporter-output>
        </test-method> <!-- validateCreateNewContact -->
        <test-method status="PASS" signature="tearDown()[pri:0, instance:com.crm.qa.testcases.ContactsPageTest@77caeb3e]" name="tearDown" is-config="true" duration-ms="1414" started-at="2017-12-03T04:05:32Z" finished-at="2017-12-03T04:05:34Z">
          <reporter-output>
          </reporter-output>
        </test-method> <!-- tearDown -->
      </class> <!-- com.crm.qa.testcases.ContactsPageTest -->
      <class name="com.crm.qa.testcases.LoginPageTest">
        <test-method status="PASS" signature="setUp()[pri:0, instance:com.crm.qa.testcases.LoginPageTest@66a3ffec]" name="setUp" is-config="true" duration-ms="14967" started-at="2017-12-03T04:01:32Z" finished-at="2017-12-03T04:01:47Z">
          <reporter-output>
          </reporter-output>
        </test-method> <!-- setUp -->
        <test-method status="PASS" signature="loginPageTitleTest()[pri:1, instance:com.crm.qa.testcases.LoginPageTest@66a3ffec]" name="loginPageTitleTest" duration-ms="171" started-at="2017-12-03T04:01:47Z" finished-at="2017-12-03T04:01:47Z">
          <reporter-output>
          </reporter-output>
        </test-method> <!-- loginPageTitleTest -->
        <test-method status="PASS" signature="tearDown()[pri:0, instance:com.crm.qa.testcases.LoginPageTest@66a3ffec]" name="tearDown" is-config="true" duration-ms="1316" started-at="2017-12-03T04:01:47Z" finished-at="2017-12-03T04:01:49Z">
          <reporter-output>
          </reporter-output>
        </test-method> <!-- tearDown -->
        <test-method status="PASS" signature="setUp()[pri:0, instance:com.crm.qa.testcases.LoginPageTest@66a3ffec]" name="setUp" is-config="true" duration-ms="6547" started-at="2017-12-03T04:02:17Z" finished-at="2017-12-03T04:02:23Z">
          <reporter-output>
          </reporter-output>
        </test-method> <!-- setUp -->
        <test-method status="PASS" signature="crmLogoImageTest()[pri:2, instance:com.crm.qa.testcases.LoginPageTest@66a3ffec]" name="crmLogoImageTest" duration-ms="164" started-at="2017-12-03T04:02:23Z" finished-at="2017-12-03T04:02:24Z">
          <reporter-output>
          </reporter-output>
        </test-method> <!-- crmLogoImageTest -->
        <test-method status="PASS" signature="tearDown()[pri:0, instance:com.crm.qa.testcases.LoginPageTest@66a3ffec]" name="tearDown" is-config="true" duration-ms="1106" started-at="2017-12-03T04:02:24Z" finished-at="2017-12-03T04:02:25Z">
          <reporter-output>
          </reporter-output>
        </test-method> <!-- tearDown -->
        <test-method status="PASS" signature="setUp()[pri:0, instance:com.crm.qa.testcases.LoginPageTest@66a3ffec]" name="setUp" is-config="true" duration-ms="8343" started-at="2017-12-03T04:02:58Z" finished-at="2017-12-03T04:03:06Z">
          <reporter-output>
          </reporter-output>
        </test-method> <!-- setUp -->
        <test-method status="PASS" signature="loginTest()[pri:3, instance:com.crm.qa.testcases.LoginPageTest@66a3ffec]" name="loginTest" duration-ms="6004" started-at="2017-12-03T04:03:06Z" finished-at="2017-12-03T04:03:12Z">
          <reporter-output>
          </reporter-output>
        </test-method> <!-- loginTest -->
        <test-method status="PASS" signature="tearDown()[pri:0, instance:com.crm.qa.testcases.LoginPageTest@66a3ffec]" name="tearDown" is-config="true" duration-ms="1315" started-at="2017-12-03T04:03:12Z" finished-at="2017-12-03T04:03:13Z">
          <reporter-output>
          </reporter-output>
        </test-method> <!-- tearDown -->
      </class> <!-- com.crm.qa.testcases.LoginPageTest -->
    </test> <!-- Test -->
  </suite> <!-- Free CRM Application Test Automation Test Suite -->
</testng-results>
